[ Nov 27 2015 18:42:48 ] [/Users/luca/www/ez2014.11/ezpublish_legacy/lib/ezutils/classes/../../../var/cache/ini/site-c1623af31c16fc3ffee5a05097e95dd6.php]
[ Nov 27 2015 18:42:48 ] [/Users/luca/www/ez2014.11/ezpublish_legacy/lib/ezutils/classes/../../../var/cache/ini/i18n-678d2accc237fa9079b9b3abc491748f.php]
[ Nov 27 2015 18:42:48 ] [/Users/luca/www/ez2014.11/ezpublish_legacy/lib/ezutils/classes/../../../var/cache/ini/i18n-f7061ade0fe840d15a8c81f654b48eb1.php]
[ Nov 27 2015 18:42:48 ] [/Users/luca/www/ez2014.11/ezpublish_legacy/lib/ezutils/classes/../../../var/cache/ini/template-c6ee29cf29032e5b4d98caef606d8fbd.php]
[ Nov 27 2015 18:42:48 ] [/Users/luca/www/ez2014.11/ezpublish_legacy/lib/ezutils/classes/../../../var/cache/ini/site-9e6a5f274e4c5f5946f815a4c087cd0b.php]
[ Nov 27 2015 18:47:08 ] [/Users/luca/www/ez2014.11/ezpublish_legacy/lib/ezutils/classes/../../../var/cache/ini/module-545011a5ed09072872ff954949555404.php]
[ Nov 27 2015 18:47:08 ] [/Users/luca/www/ez2014.11/ezpublish_legacy/lib/ezutils/classes/../../../var/cache/ini/site-47e35424336af3c2b858faec0dfb5832.php]
[ Nov 27 2015 18:47:09 ] [/Users/luca/www/ez2014.11/ezpublish_legacy/lib/ezutils/classes/../../../var/cache/ini/debug-46e8111bb0d27c8335061d46f08eb95f.php]
[ Nov 27 2015 18:47:09 ] [/Users/luca/www/ez2014.11/ezpublish_legacy/lib/ezutils/classes/../../../var/cache/ini/eng-GB-fde87b01b3f81b5edf150952bd4f2a9f.php]
[ Nov 27 2015 18:52:27 ] [/Users/luca/www/ez2014.11/ezpublish_legacy/lib/ezutils/classes/../../../var/cache/ini/site-65dd8fbbb56dc6ade1777d2898284e1f.php]
[ Nov 27 2015 18:52:27 ] [/Users/luca/www/ez2014.11/ezpublish_legacy/lib/ezutils/classes/../../../var/cache/ini/debug-ff6f4f4eb47ac90cc8a697aee310050c.php]
[ Nov 27 2015 18:52:27 ] [/Users/luca/www/ez2014.11/ezpublish_legacy/lib/ezutils/classes/../../../var/cache/ini/template-42b67519db23f92a4e1226a7f3c35a5f.php]
[ Nov 27 2015 18:52:27 ] [/Users/luca/www/ez2014.11/ezpublish_legacy/lib/ezutils/classes/../../../var/cache/ini/module-765d8d97889073edc10c4590845bf618.php]
[ Nov 27 2015 18:57:31 ] [/Users/luca/www/cla/lib/ezutils/classes/../../../var/cache/ini/site-c1623af31c16fc3ffee5a05097e95dd6.php]
[ Nov 27 2015 18:57:31 ] [/Users/luca/www/cla/lib/ezutils/classes/../../../var/cache/ini/i18n-678d2accc237fa9079b9b3abc491748f.php]
[ Nov 27 2015 18:57:31 ] [/Users/luca/www/cla/lib/ezutils/classes/../../../var/cache/ini/i18n-f7061ade0fe840d15a8c81f654b48eb1.php]
[ Nov 27 2015 18:57:31 ] [/Users/luca/www/cla/lib/ezutils/classes/../../../var/cache/ini/site-6e2709157605ef532622e21d3a818fc3.php]
[ Nov 27 2015 18:57:31 ] [/Users/luca/www/cla/lib/ezutils/classes/../../../var/cache/ini/debug-9c38379d46b99bc227be5dfbf0799039.php]
[ Nov 27 2015 18:57:31 ] [/Users/luca/www/cla/lib/ezutils/classes/../../../var/cache/ini/template-fa154a4de5edc6ab74b79f4990d0183a.php]
[ Nov 27 2015 18:57:31 ] [/Users/luca/www/cla/lib/ezutils/classes/../../../var/cache/ini/module-0dd32334415d3c44d10331643263e13a.php]
[ Nov 27 2015 18:57:32 ] [/Users/luca/www/cla/lib/ezutils/classes/../../../var/cache/ini/eng-GB-63f6731edc0ee1565486ef0b01e40bdf.php]
